[01m[K/home/ubuntu/ros2_ws/src/my_c_srvcli/src/my_c_srv_node.cpp:[m[K In member function â€˜[01m[Kvoid my_c_srv_node::server_cb(std::shared_ptr<std_srvs::srv::Trigger_Request_<std::allocator<void> > >, std::shared_ptr<std_srvs::srv::Trigger_Response_<std::allocator<void> > >)[m[Kâ€™:
[01m[K/home/ubuntu/ros2_ws/src/my_c_srvcli/src/my_c_srv_node.cpp:25:86:[m[K [01;35m[Kwarning: [m[Kunused parameter â€˜[01m[Krequest[m[Kâ€™ [[01;35m[K-Wunused-parameter[m[K]
 void my_c_srv_node::server_cb(const std::shared_ptr<std_srvs::srv::Trigger::Request> [01;35m[Krequest[m[K,
                                                                                      [01;35m[K^~~~~~~[m[K
[01m[K/home/ubuntu/ros2_ws/src/my_c_srvcli/src/my_c_srv_node.cpp:26:81:[m[K [01;35m[Kwarning: [m[Kunused parameter â€˜[01m[Kresponse[m[Kâ€™ [[01;35m[K-Wunused-parameter[m[K]
                               std::shared_ptr<std_srvs::srv::Trigger::Response> [01;35m[Kresponse[m[K)
                                                                                 [01;35m[K^~~~~~~~[m[K
[01m[K/home/ubuntu/ros2_ws/src/my_c_srvcli/src/my_c_srv_node.cpp:[m[K In member function â€˜[01m[Kvoid my_c_srv_node::timer_cb()[m[Kâ€™:
[01m[K/home/ubuntu/ros2_ws/src/my_c_srvcli/src/my_c_srv_node.cpp:44:5:[m[K [01;31m[Kerror: [m[Kâ€˜[01m[Kdata[m[Kâ€™ was not declared in this scope
     [01;31m[Kdata[m[K.linear.x = _speed;
     [01;31m[K^~~~[m[K
[01m[K/home/ubuntu/ros2_ws/src/my_c_srvcli/src/my_c_srv_node.cpp:44:5:[m[K [01;36m[Knote: [m[Ksuggested alternative: â€˜[01m[K_data[m[Kâ€™
     [01;36m[Kdata[m[K.linear.x = _speed;
     [01;36m[K^~~~[m[K
     [32m[K_data[m[K
make[2]: *** [CMakeFiles/my_c_srv_node.dir/src/my_c_srv_node.cpp.o] Error 1
make[1]: *** [CMakeFiles/my_c_srv_node.dir/all] Error 2
make: *** [all] Error 2
