[0.043s] Invoking command in '/home/ubuntu/ros2_ws/build/my_c_srvcli': CMAKE_PREFIX_PATH=/opt/ros/dashing /usr/bin/cmake --build /home/ubuntu/ros2_ws/build/my_c_srvcli -- -j4 -l4
[0.424s] [35m[1mScanning dependencies of target my_c_srv_node[0m
[0.424s] [ 50%] Built target my_c_cli_node
[0.424s] [ 75%] [32mBuilding CXX object CMakeFiles/my_c_srv_node.dir/src/my_c_srv_node.cpp.o[0m
[1.109s] [01m[K/home/ubuntu/ros2_ws/src/my_c_srvcli/src/my_c_srv_node.cpp:[m[K In member function â€˜[01m[Kvoid my_c_srv_node::server_cb(std::shared_ptr<std_srvs::srv::Trigger_Request_<std::allocator<void> > >, std::shared_ptr<std_srvs::srv::Trigger_Response_<std::allocator<void> > >)[m[Kâ€™:
[1.110s] [01m[K/home/ubuntu/ros2_ws/src/my_c_srvcli/src/my_c_srv_node.cpp:25:86:[m[K [01;35m[Kwarning: [m[Kunused parameter â€˜[01m[Krequest[m[Kâ€™ [[01;35m[K-Wunused-parameter[m[K]
[1.110s]  void my_c_srv_node::server_cb(const std::shared_ptr<std_srvs::srv::Trigger::Request> [01;35m[Krequest[m[K,
[1.110s]                                                                                       [01;35m[K^~~~~~~[m[K
[1.110s] [01m[K/home/ubuntu/ros2_ws/src/my_c_srvcli/src/my_c_srv_node.cpp:26:81:[m[K [01;35m[Kwarning: [m[Kunused parameter â€˜[01m[Kresponse[m[Kâ€™ [[01;35m[K-Wunused-parameter[m[K]
[1.110s]                                std::shared_ptr<std_srvs::srv::Trigger::Response> [01;35m[Kresponse[m[K)
[1.110s]                                                                                  [01;35m[K^~~~~~~~[m[K
[1.141s] [01m[K/home/ubuntu/ros2_ws/src/my_c_srvcli/src/my_c_srv_node.cpp:[m[K In member function â€˜[01m[Kvoid my_c_srv_node::timer_cb()[m[Kâ€™:
[1.142s] [01m[K/home/ubuntu/ros2_ws/src/my_c_srvcli/src/my_c_srv_node.cpp:44:5:[m[K [01;31m[Kerror: [m[Kâ€˜[01m[Kdata[m[Kâ€™ was not declared in this scope
[1.142s]      [01;31m[Kdata[m[K.linear.x = _speed;
[1.142s]      [01;31m[K^~~~[m[K
[1.142s] [01m[K/home/ubuntu/ros2_ws/src/my_c_srvcli/src/my_c_srv_node.cpp:44:5:[m[K [01;36m[Knote: [m[Ksuggested alternative: â€˜[01m[K_data[m[Kâ€™
[1.143s]      [01;36m[Kdata[m[K.linear.x = _speed;
[1.143s]      [01;36m[K^~~~[m[K
[1.143s]      [32m[K_data[m[K
[1.829s] CMakeFiles/my_c_srv_node.dir/build.make:62: recipe for target 'CMakeFiles/my_c_srv_node.dir/src/my_c_srv_node.cpp.o' failed
[1.831s] CMakeFiles/Makefile2:136: recipe for target 'CMakeFiles/my_c_srv_node.dir/all' failed
[1.831s] Makefile:140: recipe for target 'all' failed
[1.831s] make[2]: *** [CMakeFiles/my_c_srv_node.dir/src/my_c_srv_node.cpp.o] Error 1
[1.831s] make[1]: *** [CMakeFiles/my_c_srv_node.dir/all] Error 2
[1.831s] make: *** [all] Error 2
[1.863s] Invoked command in '/home/ubuntu/ros2_ws/build/my_c_srvcli' returned '2': CMAKE_PREFIX_PATH=/opt/ros/dashing /usr/bin/cmake --build /home/ubuntu/ros2_ws/build/my_c_srvcli -- -j4 -l4
