[0.047s] Invoking command in '/home/ubuntu/ros2_ws/build/my_c_srvcli': CMAKE_PREFIX_PATH=/opt/ros/dashing /usr/bin/cmake --build /home/ubuntu/ros2_ws/build/my_c_srvcli -- -j4 -l4
[0.370s] [35m[1mScanning dependencies of target my_c_cli_node[0m
[0.370s] [ 50%] [32mBuilding CXX object CMakeFiles/my_c_cli_node.dir/src/my_c_cli_node.cpp.o[0m
[1.303s] [01m[K/home/ubuntu/ros2_ws/src/my_c_srvcli/src/my_c_cli_node.cpp:[m[K In function â€˜[01m[Kint main(int, char**)[m[Kâ€™:
[1.304s] [01m[K/home/ubuntu/ros2_ws/src/my_c_srvcli/src/my_c_cli_node.cpp:35:50:[m[K [01;31m[Kerror: [m[Kconversion from â€˜[01m[Krclcpp::Client<turtlesim::srv::Spawn>::SharedFuture {aka std::shared_future<std::shared_ptr<turtlesim::srv::Spawn_Response_<std::allocator<void> > > >}[m[Kâ€™ to non-scalar type â€˜[01m[Kstd::__cxx11::string {aka std::__cxx11::basic_string<char>}[m[Kâ€™ requested
[1.304s]    std::string result = [01;31m[Kclient->async_send_request(request)[m[K;
[1.304s]                         [01;31m[K~~~~~~~~~~~~~~~~~~~~~~~~~~^~~~~~~~~[m[K
[1.659s] make[2]: *** [CMakeFiles/my_c_cli_node.dir/src/my_c_cli_node.cpp.o] Error 1
[1.659s] CMakeFiles/my_c_cli_node.dir/build.make:62: recipe for target 'CMakeFiles/my_c_cli_node.dir/src/my_c_cli_node.cpp.o' failed
[1.659s] CMakeFiles/Makefile2:67: recipe for target 'CMakeFiles/my_c_cli_node.dir/all' failed
[1.659s] Makefile:140: recipe for target 'all' failed
[1.660s] make[1]: *** [CMakeFiles/my_c_cli_node.dir/all] Error 2
[1.660s] make: *** [all] Error 2
[1.661s] Invoked command in '/home/ubuntu/ros2_ws/build/my_c_srvcli' returned '2': CMAKE_PREFIX_PATH=/opt/ros/dashing /usr/bin/cmake --build /home/ubuntu/ros2_ws/build/my_c_srvcli -- -j4 -l4
