[35m[1mScanning dependencies of target my_c_srv_node[0m
[ 25%] [32mBuilding CXX object CMakeFiles/my_c_srv_node.dir/src/my_c_srv_node.cpp.o[0m
[ 75%] Built target my_c_cli_node
[01m[K/home/ubuntu/ros2_ws/src/my_c_srvcli/src/my_c_srv_node.cpp:[m[K In member function â€˜[01m[Kvoid my_c_srv_node::server_cb(std::shared_ptr<std_srvs::srv::SetBool_Request_<std::allocator<void> > >, std::shared_ptr<std_srvs::srv::SetBool_Response_<std::allocator<void> > >)[m[Kâ€™:
[01m[K/home/ubuntu/ros2_ws/src/my_c_srvcli/src/my_c_srv_node.cpp:19:86:[m[K [01;35m[Kwarning: [m[Kunused parameter â€˜[01m[Krequest[m[Kâ€™ [[01;35m[K-Wunused-parameter[m[K]
 void my_c_srv_node::server_cb(const std::shared_ptr<std_srvs::srv::SetBool::Request> [01;35m[Krequest[m[K,
                                                                                      [01;35m[K^~~~~~~[m[K
[100%] [32m[1mLinking CXX executable my_c_srv_node[0m
CMakeFiles/my_c_srv_node.dir/src/my_c_srv_node.cpp.oï¼šåœ¨å‡½æ•°â€˜rclcpp::Service<std_srvs::srv::SetBool>::Service(std::shared_ptr<rcl_node_t>, std::__cxx11::basic_string<char, std::char_traits<char>, std::allocator<char> > const&, rclcpp::AnyServiceCallback<std_srvs::srv::SetBool>, rcl_service_options_t&)â€™ä¸­ï¼š
my_c_srv_node.cpp:(.text._ZN6rclcpp7ServiceIN8std_srvs3srv7SetBoolEEC2ESt10shared_ptrI10rcl_node_tERKNSt7__cxx1112basic_stringIcSt11char_traitsIcESaIcEEENS_18AnyServiceCallbackIS3_EER21rcl_service_options_t[_ZN6rclcpp7ServiceIN8std_srvs3srv7SetBoolEEC5ESt10shared_ptrI10rcl_node_tERKNSt7__cxx1112basic_stringIcSt11char_traitsIcESaIcEEENS_18AnyServiceCallbackIS3_EER21rcl_service_options_t]+0xb0)ï¼šå¯¹â€˜rosidl_service_type_support_t const* rosidl_typesupport_cpp::get_service_type_support_handle<std_srvs::srv::SetBool>()â€™æœªå®šä¹‰çš„å¼•ç”¨
collect2: error: ld returned 1 exit status
CMakeFiles/my_c_srv_node.dir/build.make:162: recipe for target 'my_c_srv_node' failed
CMakeFiles/Makefile2:136: recipe for target 'CMakeFiles/my_c_srv_node.dir/all' failed
Makefile:140: recipe for target 'all' failed
make[2]: *** [my_c_srv_node] Error 1
make[1]: *** [CMakeFiles/my_c_srv_node.dir/all] Error 2
make: *** [all] Error 2
