[0.232s] Invoking command in '/home/ubuntu/ros2_ws/build/my_c_srvcli': CMAKE_PREFIX_PATH=/opt/ros/dashing /usr/bin/cmake /home/ubuntu/ros2_ws/src/my_c_srvcli -DCMAKE_INSTALL_PREFIX=/home/ubuntu/ros2_ws/install/my_c_srvcli
[5.079s] -- The C compiler identification is GNU 7.5.0
[6.618s] -- The CXX compiler identification is GNU 7.5.0
[6.685s] -- Check for working C compiler: /usr/bin/cc
[6.794s] -- Check for working C compiler: /usr/bin/cc -- works
[6.798s] -- Detecting C compiler ABI info
[6.861s] -- Detecting C compiler ABI info - done
[6.866s] -- Detecting C compile features
[7.104s] -- Detecting C compile features - done
[7.109s] -- Check for working CXX compiler: /usr/bin/c++
[7.207s] -- Check for working CXX compiler: /usr/bin/c++ -- works
[7.208s] -- Detecting CXX compiler ABI info
[7.282s] -- Detecting CXX compiler ABI info - done
[7.286s] -- Detecting CXX compile features
[7.614s] -- Detecting CXX compile features - done
[7.636s] -- Found ament_cmake: 0.7.6 (/opt/ros/dashing/share/ament_cmake/cmake)
[7.761s] -- Found PythonInterp: /usr/bin/python3 (found suitable version "3.6.9", minimum required is "3") 
[7.762s] -- Using PYTHON_EXECUTABLE: /usr/bin/python3
[8.127s] -- Found turtlesim: 1.0.3 (/opt/ros/dashing/share/turtlesim/cmake)
[8.251s] -- Found rosidl_adapter: 0.7.10 (/opt/ros/dashing/share/rosidl_adapter/cmake)
[8.503s] -- Found std_msgs: 0.7.1 (/opt/ros/dashing/share/std_msgs/cmake)
[8.524s] -- Found rclcpp: 0.7.16 (/opt/ros/dashing/share/rclcpp/cmake)
[8.619s] -- Found rmw_implementation_cmake: 0.7.2 (/opt/ros/dashing/share/rmw_implementation_cmake/cmake)
[8.624s] -- Using RMW implementation 'rmw_fastrtps_cpp' as default
[8.626s] -- Looking for pthread.h
[8.820s] -- Looking for pthread.h - found
[8.825s] -- Looking for pthread_create
[8.888s] -- Looking for pthread_create - not found
[8.888s] -- Looking for pthread_create in pthreads
[8.970s] -- Looking for pthread_create in pthreads - not found
[8.970s] -- Looking for pthread_create in pthread
[9.050s] -- Looking for pthread_create in pthread - found
[9.051s] -- Found Threads: TRUE  
[9.214s] -- Found ament_lint_auto: 0.7.12 (/opt/ros/dashing/share/ament_lint_auto/cmake)
[9.411s] -- Added test 'copyright' to check for copyright in CMake / C / C++ / Python code
[9.412s] -- Added test 'cppcheck' to perform static code analysis on C / C++ code
[9.412s] -- Configured cppcheck include dirs: $<BUILD_INTERFACE:/home/ubuntu/ros2_ws/src/my_c_srvcli/include>
[9.414s] -- Added test 'cpplint' to check C / C++ code against the Google style
[9.415s] -- Added test 'lint_cmake' to check CMake code style
[9.417s] -- Added test 'uncrustify' to check C / C++ code style
[9.418s] -- Added test 'xmllint' to check XML markup files
[9.421s] -- Configuring done
[9.742s] -- Generating done
[9.746s] -- Build files have been written to: /home/ubuntu/ros2_ws/build/my_c_srvcli
[9.752s] Invoked command in '/home/ubuntu/ros2_ws/build/my_c_srvcli' returned '0': CMAKE_PREFIX_PATH=/opt/ros/dashing /usr/bin/cmake /home/ubuntu/ros2_ws/src/my_c_srvcli -DCMAKE_INSTALL_PREFIX=/home/ubuntu/ros2_ws/install/my_c_srvcli
[9.754s] Invoking command in '/home/ubuntu/ros2_ws/build/my_c_srvcli': CMAKE_PREFIX_PATH=/opt/ros/dashing /usr/bin/cmake --build /home/ubuntu/ros2_ws/build/my_c_srvcli -- -j4 -l4
[9.831s] [35m[1mScanning dependencies of target my_c_cli_node[0m
[9.968s] [ 50%] [32mBuilding CXX object CMakeFiles/my_c_cli_node.dir/src/my_c_cli_node.cpp.o[0m
[11.883s] [01m[K/home/ubuntu/ros2_ws/src/my_c_srvcli/src/my_c_cli_node.cpp:[m[K In function â€˜[01m[Kint main(int, char**)[m[Kâ€™:
[11.883s] [01m[K/home/ubuntu/ros2_ws/src/my_c_srvcli/src/my_c_cli_node.cpp:43:15:[m[K [01;31m[Kerror: [m[Kâ€˜[01m[Krclcpp::FutureReturnCode[m[Kâ€™ has not been declared
[11.883s]        rclcpp::[01;31m[KFutureReturnCode[m[K::SUCCESS)
[11.883s]                [01;31m[K^~~~~~~~~~~~~~~~[m[K
[11.886s] In file included from [01m[K/opt/ros/dashing/include/rclcpp/client.hpp:39:0[m[K,
[11.886s]                  from [01m[K/opt/ros/dashing/include/rclcpp/callback_group.hpp:23[m[K,
[11.886s]                  from [01m[K/opt/ros/dashing/include/rclcpp/any_executable.hpp:20[m[K,
[11.886s]                  from [01m[K/opt/ros/dashing/include/rclcpp/memory_strategy.hpp:24[m[K,
[11.887s]                  from [01m[K/opt/ros/dashing/include/rclcpp/memory_strategies.hpp:18[m[K,
[11.887s]                  from [01m[K/opt/ros/dashing/include/rclcpp/executor.hpp:33[m[K,
[11.887s]                  from [01m[K/opt/ros/dashing/include/rclcpp/executors/multi_threaded_executor.hpp:24[m[K,
[11.887s]                  from [01m[K/opt/ros/dashing/include/rclcpp/executors.hpp:21[m[K,
[11.887s]                  from [01m[K/opt/ros/dashing/include/rclcpp/rclcpp.hpp:144[m[K,
[11.887s]                  from [01m[K/home/ubuntu/ros2_ws/src/my_c_srvcli/src/my_c_cli_node.cpp:1[m[K:
[11.887s] [01m[K/home/ubuntu/ros2_ws/src/my_c_srvcli/src/my_c_cli_node.cpp:45:73:[m[K [01;31m[Kerror: [m[Kâ€˜[01m[Kusing element_type = struct turtlesim::srv::Spawn_Response_<std::allocator<void> > {aka struct turtlesim::srv::Spawn_Response_<std::allocator<void> >}[m[Kâ€™ has no member named â€˜[01m[Ksum[m[Kâ€™
[11.887s]      RCLCPP_INFO(rclcpp::get_logger("rclcpp"), "Sum: %ld", result.get()->[01;31m[Ks[m[Kum);
[11.887s]                                                                          [01;31m[K^[m[K
[11.887s] [01m[K/opt/ros/dashing/include/rcutils/logging_macros.h:72:64:[m[K [01;36m[Knote: [m[Kin definition of macro â€˜[01m[KRCUTILS_LOG_COND_NAMED[m[Kâ€™
[11.887s]        rcutils_log(&__rcutils_logging_location, severity, name, [01;36m[K__VA_ARGS__[m[K); \
[11.887s]                                                                 [01;36m[K^~~~~~~~~~~[m[K
[11.888s] [01m[K/opt/ros/dashing/include/rclcpp/logging.hpp:218:5:[m[K [01;36m[Knote: [m[Kin expansion of macro â€˜[01m[KRCUTILS_LOG_INFO_NAMED[m[Kâ€™
[11.888s]      [01;36m[KRCUTILS_LOG_INFO_NAMED[m[K( \
[11.888s]      [01;36m[K^~~~~~~~~~~~~~~~~~~~~~[m[K
[11.888s] [01m[K/opt/ros/dashing/include/rclcpp/logging.hpp:221:9:[m[K [01;36m[Knote: [m[Kin expansion of macro â€˜[01m[KRCLCPP_ALL_BUT_FIRST_ARGS[m[Kâ€™
[11.888s]          [01;36m[KRCLCPP_ALL_BUT_FIRST_ARGS[m[K(__VA_ARGS__,"")); \
[11.888s]          [01;36m[K^~~~~~~~~~~~~~~~~~~~~~~~~[m[K
[11.888s] [01m[K/home/ubuntu/ros2_ws/src/my_c_srvcli/src/my_c_cli_node.cpp:45:5:[m[K [01;36m[Knote: [m[Kin expansion of macro â€˜[01m[KRCLCPP_INFO[m[Kâ€™
[11.888s]      [01;36m[KRCLCPP_INFO[m[K(rclcpp::get_logger("rclcpp"), "Sum: %ld", result.get()->sum);
[11.888s]      [01;36m[K^~~~~~~~~~~[m[K
[12.250s] make[2]: *** [CMakeFiles/my_c_cli_node.dir/src/my_c_cli_node.cpp.o] Error 1
[12.250s] CMakeFiles/my_c_cli_node.dir/build.make:62: recipe for target 'CMakeFiles/my_c_cli_node.dir/src/my_c_cli_node.cpp.o' failed
[12.250s] CMakeFiles/Makefile2:67: recipe for target 'CMakeFiles/my_c_cli_node.dir/all' failed
[12.251s] make[1]: *** [CMakeFiles/my_c_cli_node.dir/all] Error 2
[12.251s] make: *** [all] Error 2
[12.251s] Makefile:140: recipe for target 'all' failed
[12.252s] Invoked command in '/home/ubuntu/ros2_ws/build/my_c_srvcli' returned '2': CMAKE_PREFIX_PATH=/opt/ros/dashing /usr/bin/cmake --build /home/ubuntu/ros2_ws/build/my_c_srvcli -- -j4 -l4
